<?xml version="1.0" encoding="UTF-8"?>
<!-- Generated by org.testng.reporters.JUnitReportReporter -->
<testsuite hostname="Kunal-Chaudhari" failures="0" tests="4" name="testcases.ECommerceTestCases" time="226.698" errors="0" timestamp="2023-09-13T23:59:53 IST" skipped="0">
  <testcase classname="testcases.ECommerceTestCases" name="testHomepage" time="33.344"/>
  <testcase classname="testcases.ECommerceTestCases" name="testSearchAndSearchResults" time="99.057"/>
  <testcase classname="testcases.ECommerceTestCases" name="testSearchAndShopMultipleProducts" time="72.538"/>
  <testcase classname="testcases.ECommerceTestCases" name="testProductPage" time="21.759"/>
</testsuite> <!-- testcases.ECommerceTestCases -->
