<?xml version="1.0" encoding="UTF-8"?>
<!-- Generated by org.testng.reporters.JUnitReportReporter -->
<testsuite hostname="Kunal-Chaudhari" failures="0" tests="1" name="testcases.ECommerceTestCases" time="14.246" errors="0" timestamp="2023-09-14T00:11:16 IST" skipped="0">
  <testcase classname="testcases.ECommerceTestCases" name="testHomepage" time="14.246"/>
</testsuite> <!-- testcases.ECommerceTestCases -->
